<?xml version="1.0" encoding="UTF-8"?>
<!-- Generated by org.testng.reporters.JUnitReportReporter -->
<testsuite hostname="vijayganeshr" name="vijay.Install" tests="1" failures="0" timestamp="5 Apr 2018 01:26:44 GMT" time="0.006" errors="0">
  <testcase name="prod2" time="0.006" classname="vijay.Install"/>
</testsuite> <!-- vijay.Install -->
