<?xml version="1.0" encoding="UTF-8"?>
<!-- Generated by org.testng.reporters.JUnitReportReporter -->
<testsuite hostname="vijayganeshr" name="vijay.Macd" tests="1" failures="0" timestamp="5 Apr 2018 01:26:44 GMT" time="0.002" errors="0">
  <testcase name="macd_prod1" time="0.002" classname="vijay.Macd"/>
</testsuite> <!-- vijay.Macd -->
